<?xml version="1.0" encoding="UTF-8"?>
<!-- Generated by org.testng.reporters.JUnitXMLReporter -->
<testsuite ignored="0" hostname="FFE-Khushi-Dinesh-Gupta" failures="0" tests="3" name="Test2" time="0.055" errors="0" timestamp="2025-08-20T11:45:01 IST">
  <testcase classname="practice.DistributedTest2" name="sample" time="0.011"/>
  <testcase classname="practice.DistributedTest2" name="sample1" time="0.001"/>
  <testcase classname="practice.DistributedTest2" name="sample2" time="0.002"/>
</testsuite> <!-- Test2 -->
