<?xml version="1.0" encoding="UTF-8"?>
<testng-results ignored="0" total="1" passed="1" failed="0" skipped="0">
  <reporter-output>
  </reporter-output>
  <suite started-at="2025-08-22T12:46:41 IST" name="Default suite" finished-at="2025-08-22T12:46:41 IST" duration-ms="80">
    <groups>
    </groups>
    <test started-at="2025-08-22T12:46:41 IST" name="Default test" finished-at="2025-08-22T12:46:41 IST" duration-ms="80">
      <class name="practice.ToReadDataFromCmdLine">
        <test-method signature="readData()[pri:0, instance:practice.ToReadDataFromCmdLine@3ce1e309]" started-at="2025-08-22T12:46:41 IST" name="readData" finished-at="2025-08-22T12:46:41 IST" duration-ms="16" status="PASS">
          <reporter-output>
          </reporter-output>
        </test-method> <!-- readData -->
      </class> <!-- practice.ToReadDataFromCmdLine -->
    </test> <!-- Default test -->
  </suite> <!-- Default suite -->
</testng-results>
